#
# A fatal error has been detected by the Java Runtime Environment:
#
#  EXCEPTION_ACCESS_VIOLATION (0xc0000005) at pc=0x000000004ed9c750, pid=4356, tid=4820
#
# JRE version: 6.0_17-b04
# Java VM: Java HotSpot(TM) 64-Bit Server VM (14.3-b01 mixed mode windows-amd64 )
# Problematic frame:
# C  0x000000004ed9c750
#
# If you would like to submit a bug report, please visit:
#   http://java.sun.com/webapps/bugreport/crash.jsp
# The crash happened outside the Java Virtual Machine in native code.
# See problematic frame for where to report the bug.
#

---------------  T H R E A D  ---------------

Current thread (0x000000004e6c7800):  JavaThread "AWT-EventQueue-0" [_thread_in_native, id=4820, stack(0x00000000bc000000,0x00000000c0000000)]

siginfo: ExceptionCode=0xc0000005, reading address 0x0000000000000008

Registers:
EAX=0x000000000000000d, EBX=0x000000004e6c79b8, ECX=0x0000000000000000, EDX=0xffffffffd20112ab
ESP=0x00000000bfffe3c8, EBP=0x000000006fe5f030, ESI=0x000000004e6c79b8, EDI=0x00000000516c89a0
EIP=0x000000004ed9c750, EFLAGS=0x0000000000010206

Top of Stack: (sp=0x00000000bfffe3c8)
0x00000000bfffe3c8:   000000004ed4589c 0000000000000000
0x00000000bfffe3d8:   000000004e6c79b8 000000006fe5f030
0x00000000bfffe3e8:   000000004e6c79b8 0000000036336ed0
0x00000000bfffe3f8:   000000004e6c79b8 0000000032a58610
0x00000000bfffe408:   000000004ed23810 000000004e6c79b8
0x00000000bfffe418:   00000000bfffeae8 00000000bfffeb60
0x00000000bfffe428:   000000006fe5f030 0000000000000000
0x00000000bfffe438:   000000004ed42151 0000000000000003
0x00000000bfffe448:   00000000bfffeb58 000000003f95c390
0x00000000bfffe458:   00000000bfffeb60 00000000bfffe4d8
0x00000000bfffe468:   000000002b1c5ac2 0000000000000000
0x00000000bfffe478:   0000001c00000500 000000003fbc5db8
0x00000000bfffe488:   00000000370eeb58 0000000900000000
0x00000000bfffe498:   0000042200000008 0000000000000000
0x00000000bfffe4a8:   00000000370eef50 0000000037eea3e0
0x00000000bfffe4b8:   0000001c00000500 00000500000000c6 

Instructions: (pc=0x000000004ed9c750)
0x000000004ed9c740:   48 8b 41 08 48 8b 80 18 0c 00 00 c3 cc cc cc cc
0x000000004ed9c750:   48 8b 49 08 48 85 c9 74 05 e9 72 f6 fd ff 33 c0 


Stack: [0x00000000bc000000,0x00000000c0000000],  sp=0x00000000bfffe3c8,  free space=65528k
Native frames: (J=compiled Java code, j=interpreted, Vv=VM code, C=native code)
C  0x000000004ed9c750

Java frames: (J=compiled Java code, j=interpreted, Vv=VM code)
j  sun.java2d.windows.GDIBlitLoops.nativeBlit(Lsun/java2d/SurfaceData;Lsun/java2d/SurfaceData;Lsun/java2d/pipe/Region;IIIIIIIIIZ)V+0
j  sun.java2d.windows.GDIBlitLoops.Blit(Lsun/java2d/SurfaceData;Lsun/java2d/SurfaceData;Ljava/awt/Composite;Lsun/java2d/pipe/Region;IIIIII)V+33
J  sun.java2d.pipe.DrawImage.copyImage(Lsun/java2d/SunGraphics2D;Ljava/awt/Image;IILjava/awt/Color;Ljava/awt/image/ImageObserver;)Z
J  sun.java2d.SunGraphics2D.drawImage(Ljava/awt/Image;IILjava/awt/image/ImageObserver;)Z
j  javax.swing.RepaintManager$PaintManager.paintDoubleBuffered(Ljavax/swing/JComponent;Ljava/awt/Image;Ljava/awt/Graphics;IIII)V+127
j  javax.swing.RepaintManager$PaintManager.paint(Ljavax/swing/JComponent;Ljavax/swing/JComponent;Ljava/awt/Graphics;IIII)Z+116
j  javax.swing.BufferStrategyPaintManager.paint(Ljavax/swing/JComponent;Ljavax/swing/JComponent;Ljava/awt/Graphics;IIII)Z+224
J  javax.swing.JComponent.paint(Ljava/awt/Graphics;)V
j  java.awt.GraphicsCallback$PaintCallback.run(Ljava/awt/Component;Ljava/awt/Graphics;)V+2
j  sun.awt.SunGraphicsCallback.runOneComponent(Ljava/awt/Component;Ljava/awt/Rectangle;Ljava/awt/Graphics;Ljava/awt/Shape;I)V+155
j  sun.awt.SunGraphicsCallback.runComponents([Ljava/awt/Component;Ljava/awt/Graphics;I)V+104
j  java.awt.Container.paint(Ljava/awt/Graphics;)V+73
j  javax.swing.RepaintManager.paintDirtyRegions(Ljava/util/Map;)V+256
j  javax.swing.RepaintManager.paintDirtyRegions()V+46
j  javax.swing.RepaintManager.seqPaintDirtyRegions()V+73
j  javax.swing.SystemEventQueueUtilities$ComponentWorkRequest.run()V+36
J  java.awt.EventDispatchThread.pumpOneEventForFilters(I)Z
J  java.awt.EventDispatchThread.pumpEventsForFilter(ILjava/awt/Conditional;Ljava/awt/EventFilter;)V
j  java.awt.EventDispatchThread.pumpEventsForHierarchy(ILjava/awt/Conditional;Ljava/awt/Component;)V+11
j  java.awt.EventDispatchThread.pumpEvents(ILjava/awt/Conditional;)V+4
j  java.awt.EventDispatchThread.pumpEvents(Ljava/awt/Conditional;)V+3
j  java.awt.EventDispatchThread.run()V+9
v  ~StubRoutines::call_stub

---------------  P R O C E S S  ---------------

Java Threads: ( => current thread )
  0x00000000502c0800 JavaThread "Foxtrot Multi Worker Thread Runner #1" daemon [_thread_blocked, id=8740, stack(0x00000000c8fd0000,0x00000000ccfd0000)]
  0x00000000502bf000 JavaThread "Swing-Shell" daemon [_thread_blocked, id=5024, stack(0x00000000a8000000,0x00000000ac000000)]
  0x000000005005e000 JavaThread "Timer-2" daemon [_thread_blocked, id=8776, stack(0x0000000120000000,0x0000000124000000)]
  0x00000000502be000 JavaThread "com.jniwrapper.NativeResourceCollector" daemon [_thread_blocked, id=8372, stack(0x00000000e4000000,0x00000000e8000000)]
  0x000000005035e000 JavaThread "Code Analyzer updating thread" [_thread_blocked, id=4432, stack(0x000000011c000000,0x0000000120000000)]
  0x000000005035d800 JavaThread "Code Analyzer updating thread" [_thread_blocked, id=5092, stack(0x0000000118000000,0x000000011c000000)]
  0x000000005035c800 JavaThread "Code Analyzer updating thread" [_thread_blocked, id=5036, stack(0x0000000015930000,0x0000000019930000)]
  0x000000005035c000 JavaThread "Code Analyzer updating thread" [_thread_blocked, id=7940, stack(0x0000000114000000,0x0000000118000000)]
  0x000000005035b000 JavaThread "Code Analyzer updating thread" [_thread_blocked, id=7364, stack(0x0000000110000000,0x0000000114000000)]
  0x000000005035a800 JavaThread "Code Analyzer updating thread" [_thread_blocked, id=7196, stack(0x000000010c000000,0x0000000110000000)]
  0x0000000050359800 JavaThread "Code Analyzer updating thread" [_thread_blocked, id=7648, stack(0x0000000108000000,0x000000010c000000)]
  0x0000000050359000 JavaThread "Active Reference Queue Daemon" daemon [_thread_blocked, id=6540, stack(0x0000000104000000,0x0000000108000000)]
  0x0000000050358000 JavaThread "Timer-1" daemon [_thread_blocked, id=1232, stack(0x0000000100000000,0x0000000104000000)]
  0x000000005005f000 JavaThread "ClipboardMonitor Timer" daemon [_thread_blocked, id=7564, stack(0x00000000fc000000,0x0000000100000000)]
  0x000000005005d800 JavaThread "Explorer NavigationContext request queue" daemon [_thread_blocked, id=5948, stack(0x00000000f4000000,0x00000000f8000000)]
  0x000000005005c000 JavaThread "AddressBar directory emptiness poller" daemon [_thread_blocked, id=1792, stack(0x00000000ec000000,0x00000000f0000000)]
  0x000000004e6d2800 JavaThread "Explorer Refresh Service 74429398" daemon [_thread_blocked, id=8720, stack(0x00000000e8000000,0x00000000ec000000)]
  0x000000004e6d1000 JavaThread "Thread-4" daemon [_thread_blocked, id=3256, stack(0x00000000d4000000,0x00000000d8000000)]
  0x000000004e6ce000 JavaThread "TimerQueue" daemon [_thread_blocked, id=8196, stack(0x00000000c4000000,0x00000000c8000000)]
  0x000000004e6cb800 JavaThread "Thread-3" daemon [_thread_blocked, id=3568, stack(0x00000000c0000000,0x00000000c4000000)]
=>0x000000004e6c7800 JavaThread "AWT-EventQueue-0" [_thread_in_native, id=4820, stack(0x00000000bc000000,0x00000000c0000000)]
  0x000000004e6ca800 JavaThread "AWT-Shutdown" [_thread_blocked, id=6508, stack(0x00000000ac000000,0x00000000b0000000)]
  0x000000004e6cd800 JavaThread "FelixPackageAdmin" daemon [_thread_blocked, id=7916, stack(0x00000000b8000000,0x00000000bc000000)]
  0x000000004e6cd000 JavaThread "FelixStartLevel" daemon [_thread_blocked, id=6868, stack(0x00000000b4000000,0x00000000b8000000)]
  0x000000004e6cc000 JavaThread "FelixDispatchQueue" daemon [_thread_blocked, id=8908, stack(0x00000000b0000000,0x00000000b4000000)]
  0x000000004e6ca000 JavaThread "com.google.common.base.internal.Finalizer" daemon [_thread_blocked, id=4472, stack(0x00000000a4000000,0x00000000a8000000)]
  0x000000004e6c8800 JavaThread "AWT-Windows" daemon [_thread_in_native, id=8476, stack(0x000000009c000000,0x00000000a0000000)]
  0x000000004e6c7000 JavaThread "Java2D Disposer" daemon [_thread_blocked, id=4316, stack(0x0000000094000000,0x0000000098000000)]
  0x000000004e6c6800 JavaThread "Timer-0" [_thread_blocked, id=7744, stack(0x0000000090000000,0x0000000094000000)]
  0x000000004e6c5800 JavaThread "EventMgr Dispatcher" daemon [_thread_in_native, id=2712, stack(0x000000008c000000,0x0000000090000000)]
  0x000000004e6c4000 JavaThread "Low Memory Detector" daemon [_thread_blocked, id=1200, stack(0x0000000084000000,0x0000000088000000)]
  0x000000004e6ed800 JavaThread "CompilerThread1" daemon [_thread_blocked, id=2896, stack(0x0000000080000000,0x0000000084000000)]
  0x000000004e6d4800 JavaThread "CompilerThread0" daemon [_thread_blocked, id=2356, stack(0x000000006b270000,0x000000006f270000)]
  0x000000004e6c3800 JavaThread "Attach Listener" daemon [_thread_blocked, id=2508, stack(0x00000000629a0000,0x00000000669a0000)]
  0x000000004e66f000 JavaThread "Finalizer" daemon [_thread_blocked, id=3960, stack(0x000000005e9a0000,0x00000000629a0000)]
  0x000000004e668800 JavaThread "Reference Handler" daemon [_thread_blocked, id=5732, stack(0x000000005a9a0000,0x000000005e9a0000)]
  0x000000000640a800 JavaThread "main" [_thread_in_native, id=2704, stack(0x0000000000030000,0x0000000004030000)]

Other Threads:
  0x000000004e665000 VMThread [stack: 0x00000000569a0000,0x000000005a9a0000] [id=5240]
  0x000000004e73a800 WatcherThread [stack: 0x0000000088000000,0x000000008c000000] [id=2796]

VM state:not at safepoint (normal execution)

VM Mutex/Monitor currently owned by a thread: None

Heap
 PSYoungGen      total 26816K, used 10733K [0x000000003f4c0000, 0x0000000041b10000, 0x00000000425c0000)
  eden space 14848K, 50% used [0x000000003f4c0000,0x000000003fc1a7f8,0x0000000040340000)
  from space 11968K, 26% used [0x0000000040340000,0x0000000040660d90,0x0000000040ef0000)
  to   space 11264K, 0% used [0x0000000041010000,0x0000000041010000,0x0000000041b10000)
 PSOldGen        total 101568K, used 82892K [0x00000000361c0000, 0x000000003c4f0000, 0x000000003f4c0000)
  object space 101568K, 81% used [0x00000000361c0000,0x000000003b2b3100,0x000000003c4f0000)
 PSPermGen       total 129088K, used 74348K [0x000000002e1c0000, 0x0000000035fd0000, 0x00000000361c0000)
  object space 129088K, 57% used [0x000000002e1c0000,0x0000000032a5b148,0x0000000035fd0000)

Dynamic libraries:
0x0000000140000000 - 0x0000000140028000 	D:\Program Files\MATLAB\R2013a\bin\win64\MATLAB.exe
0x0000000077040000 - 0x00000000771e8000 	C:\Windows\SYSTEM32\ntdll.dll
0x0000000076e20000 - 0x0000000076f3f000 	C:\Windows\system32\kernel32.dll
0x000007fefd090000 - 0x000007fefd0fc000 	C:\Windows\system32\KERNELBASE.dll
0x0000000074460000 - 0x0000000074515000 	D:\Program Files\MATLAB\R2013a\bin\win64\libut.dll
0x00000000758a0000 - 0x000000007595f000 	D:\Program Files\MATLAB\R2013a\bin\win64\libmwi18n.dll
0x0000000180000000 - 0x000000018000d000 	D:\Program Files\MATLAB\R2013a\bin\win64\libmwresource_core.dll
0x00000000698c0000 - 0x0000000069958000 	D:\Program Files\MATLAB\R2013a\bin\win64\MSVCP100.dll
0x00000000697e0000 - 0x00000000698b2000 	D:\Program Files\MATLAB\R2013a\bin\win64\MSVCR100.dll
0x0000000073850000 - 0x000000007385e000 	D:\Program Files\MATLAB\R2013a\bin\win64\boost_date_time-vc100-mt-1_49.dll
0x0000000070ba0000 - 0x0000000070bcc000 	D:\Program Files\MATLAB\R2013a\bin\win64\boost_filesystem-vc100-mt-1_49.dll
0x0000000073740000 - 0x0000000073749000 	D:\Program Files\MATLAB\R2013a\bin\win64\boost_system-vc100-mt-1_49.dll
0x000007fefe260000 - 0x000007fefe33b000 	C:\Windows\system32\ADVAPI32.dll
0x000007fefe020000 - 0x000007fefe0bf000 	C:\Windows\system32\msvcrt.dll
0x000007fefe390000 - 0x000007fefe3af000 	C:\Windows\SYSTEM32\sechost.dll
0x000007fefebe0000 - 0x000007fefed0d000 	C:\Windows\system32\RPCRT4.dll
0x000000006b240000 - 0x000000006b265000 	D:\Program Files\MATLAB\R2013a\bin\win64\LIBEXPAT.dll
0x0000000068ef0000 - 0x000000006907a000 	D:\Program Files\MATLAB\R2013a\bin\win64\icuin49.dll
0x00000000690d0000 - 0x000000006920e000 	D:\Program Files\MATLAB\R2013a\bin\win64\icuuc49.dll
0x0000000051870000 - 0x0000000052992000 	D:\Program Files\MATLAB\R2013a\bin\win64\icudt49.dll
0x00000000745b0000 - 0x00000000745c0000 	D:\Program Files\MATLAB\R2013a\bin\win64\icuio49.dll
0x0000000073f70000 - 0x0000000074112000 	D:\Program Files\MATLAB\R2013a\bin\win64\libmwfl.dll
0x000000007a350000 - 0x000000007a737000 	D:\Program Files\MATLAB\R2013a\bin\win64\libmwMATLAB_res.dll
0x0000000069540000 - 0x000000006961f000 	D:\Program Files\MATLAB\R2013a\bin\win64\boost_regex-vc100-mt-1_49.dll
0x0000000076f40000 - 0x000000007703a000 	C:\Windows\system32\USER32.dll
0x000007fefe3b0000 - 0x000007fefe417000 	C:\Windows\system32\GDI32.dll
0x000007fefe0c0000 - 0x000007fefe0ce000 	C:\Windows\system32\LPK.dll
0x000007fefed30000 - 0x000007fefedf9000 	C:\Windows\system32\USP10.dll
0x0000000070c70000 - 0x0000000070c81000 	D:\Program Files\MATLAB\R2013a\bin\win64\boost_signals-vc100-mt-1_49.dll
0x0000000071ed0000 - 0x0000000071ee1000 	D:\Program Files\MATLAB\R2013a\bin\win64\boost_thread-vc100-mt-1_49.dll
0x000007feeded0000 - 0x000007feedf5c000 	D:\Program Files\MATLAB\R2013a\bin\win64\boost_log-vc100-mt-1_49.dll
0x0000000077210000 - 0x0000000077217000 	C:\Windows\system32\PSAPI.DLL
0x000007fefe340000 - 0x000007fefe38d000 	C:\Windows\system32\WS2_32.dll
0x000007feff340000 - 0x000007feff348000 	C:\Windows\system32\NSI.dll
0x000007fef2290000 - 0x000007fef22c3000 	D:\Program Files\MATLAB\R2013a\bin\win64\tbb.dll
0x000007fefed10000 - 0x000007fefed29000 	C:\Windows\system32\imagehlp.dll
0x000007fefb5e0000 - 0x000007fefb60c000 	C:\Windows\system32\POWRPROF.dll
0x000007feff0c0000 - 0x000007feff297000 	C:\Windows\system32\SETUPAPI.dll
0x000007fefcfc0000 - 0x000007fefcff6000 	C:\Windows\system32\CFGMGR32.dll
0x000007fefdf40000 - 0x000007fefe017000 	C:\Windows\system32\OLEAUT32.dll
0x000007fefeeb0000 - 0x000007feff0b3000 	C:\Windows\system32\ole32.dll
0x000007fefcf80000 - 0x000007fefcf9a000 	C:\Windows\system32\DEVOBJ.dll
0x0000000004200000 - 0x0000000004221000 	D:\Program Files\MATLAB\R2013a\bin\win64\libmwmfl_scalar.dll
0x000007fef4ad0000 - 0x000007fef4bf5000 	C:\Windows\system32\dbghelp.dll
0x0000000004230000 - 0x000000000455f000 	D:\Program Files\MATLAB\R2013a\bin\win64\libmwservices.dll
0x0000000075a20000 - 0x0000000075b0b000 	D:\Program Files\MATLAB\R2013a\bin\win64\libmx.dll
0x000007fefa130000 - 0x000007fefa158000 	D:\Program Files\MATLAB\R2013a\bin\win64\tbbmalloc.dll
0x0000000070410000 - 0x0000000070427000 	D:\Program Files\MATLAB\R2013a\bin\win64\zlib1.dll
0x0000000004560000 - 0x00000000045ae000 	D:\Program Files\MATLAB\R2013a\bin\win64\libmwregexp.dll
0x0000000075f10000 - 0x0000000075f57000 	D:\Program Files\MATLAB\R2013a\bin\win64\mpath.dll
0x000000007b680000 - 0x000000007bc66000 	D:\Program Files\MATLAB\R2013a\bin\win64\mlutil.dll
0x00000000754d0000 - 0x0000000075547000 	D:\Program Files\MATLAB\R2013a\bin\win64\xmlcore.dll
0x0000000068ca0000 - 0x0000000068ee1000 	D:\Program Files\MATLAB\R2013a\bin\win64\xerces-c_2_7.dll
0x00000000045c0000 - 0x00000000045e2000 	D:\Program Files\MATLAB\R2013a\bin\win64\libmwMATLAB_settings_res.dll
0x000007fefa200000 - 0x000007fefa210000 	D:\Program Files\MATLAB\R2013a\bin\win64\boost_iostreams-vc100-mt-1_49.dll
0x000007fef1500000 - 0x000007fef1546000 	D:\Program Files\MATLAB\R2013a\bin\win64\boost_serialization-vc100-mt-1_49.dll
0x000007fefd1b0000 - 0x000007fefdf39000 	C:\Windows\system32\SHELL32.dll
0x000007fefe520000 - 0x000007fefe591000 	C:\Windows\system32\SHLWAPI.dll
0x00000000045f0000 - 0x00000000045f6000 	D:\Program Files\MATLAB\R2013a\bin\win64\libmwnativedisplay.dll
0x000007fee9b80000 - 0x000007fee9c20000 	C:\Windows\WinSxS\amd64_microsoft.windows.common-controls_6595b64144ccf1df_5.82.7601.18837_none_a4d981ff711297b6\COMCTL32.dll
0x000007fefe420000 - 0x000007fefe4b7000 	C:\Windows\system32\COMDLG32.dll
0x000007fefac10000 - 0x000007fefac26000 	C:\Windows\system32\NETAPI32.dll
0x000007fefac00000 - 0x000007fefac0c000 	C:\Windows\system32\netutils.dll
0x000007fefc9a0000 - 0x000007fefc9c3000 	C:\Windows\system32\srvcli.dll
0x000007fefabe0000 - 0x000007fefabf5000 	C:\Windows\system32\wkscli.dll
0x0000000074970000 - 0x0000000074a18000 	D:\Program Files\MATLAB\R2013a\bin\win64\mcr.dll
0x0000000075000000 - 0x00000000753b1000 	D:\Program Files\MATLAB\R2013a\bin\win64\iqm.dll
0x0000000074e80000 - 0x0000000074f30000 	D:\Program Files\MATLAB\R2013a\bin\win64\m_dispatcher.dll
0x0000000004600000 - 0x0000000004e08000 	D:\Program Files\MATLAB\R2013a\bin\win64\m_interpreter.dll
0x0000000004e10000 - 0x0000000004e34000 	D:\Program Files\MATLAB\R2013a\bin\win64\libmex.dll
0x0000000075430000 - 0x00000000754ab000 	D:\Program Files\MATLAB\R2013a\bin\win64\profiler.dll
0x0000000004e40000 - 0x00000000050c3000 	D:\Program Files\MATLAB\R2013a\bin\win64\libmwmathutil.dll
0x0000000079f40000 - 0x0000000079f66000 	D:\Program Files\MATLAB\R2013a\bin\win64\libmwmathrng.dll
0x00000000050d0000 - 0x00000000050e0000 	D:\Program Files\MATLAB\R2013a\bin\win64\libmwmfl_rng.dll
0x0000000074c10000 - 0x0000000074cf8000 	D:\Program Files\MATLAB\R2013a\bin\win64\libmwmathcore.dll
0x0000000076160000 - 0x00000000761c3000 	D:\Program Files\MATLAB\R2013a\bin\win64\libmwspmatrix.dll
0x000000007b0a0000 - 0x000000007b2f6000 	D:\Program Files\MATLAB\R2013a\bin\win64\mcos.dll
0x0000000075ea0000 - 0x0000000075f02000 	D:\Program Files\MATLAB\R2013a\bin\win64\libmwcholmod.dll
0x00000000050f0000 - 0x00000000050fd000 	D:\Program Files\MATLAB\R2013a\bin\win64\libmwamd.dll
0x00000000699f0000 - 0x0000000069a93000 	C:\Windows\WinSxS\amd64_microsoft.vc90.crt_1fc8b3b9a1e18e3b_9.0.30729.6161_none_08e61857a83bc251\MSVCR90.dll
0x0000000005110000 - 0x000000000511c000 	D:\Program Files\MATLAB\R2013a\bin\win64\libmwcolamd.dll
0x000000007a290000 - 0x000000007a2a3000 	D:\Program Files\MATLAB\R2013a\bin\win64\libmwblas.dll
0x000000007a310000 - 0x000000007a325000 	D:\Program Files\MATLAB\R2013a\bin\win64\libmwbinder.dll
0x0000000005130000 - 0x000000000513b000 	D:\Program Files\MATLAB\R2013a\bin\win64\libmwompwrapper.dll
0x0000000075820000 - 0x000000007589e000 	D:\Program Files\MATLAB\R2013a\bin\win64\libmwlapack.dll
0x000000007a1b0000 - 0x000000007a1d0000 	D:\Program Files\MATLAB\R2013a\bin\win64\m_pcodeio.dll
0x0000000079b10000 - 0x0000000079b6c000 	D:\Program Files\MATLAB\R2013a\bin\win64\m_ir.dll
0x0000000078ed0000 - 0x0000000079579000 	D:\Program Files\MATLAB\R2013a\bin\win64\m_parser.dll
0x000000007a2f0000 - 0x000000007a307000 	D:\Program Files\MATLAB\R2013a\bin\win64\ir_xfmr.dll
0x0000000005140000 - 0x0000000005150000 	D:\Program Files\MATLAB\R2013a\bin\win64\mtok.dll
0x000000007a130000 - 0x000000007a158000 	D:\Program Files\MATLAB\R2013a\bin\win64\m_pcodegen.dll
0x0000000079fb0000 - 0x0000000079fdf000 	D:\Program Files\MATLAB\R2013a\bin\win64\libmwbridge.dll
0x0000000074f40000 - 0x0000000074ff6000 	D:\Program Files\MATLAB\R2013a\bin\win64\udd.dll
0x0000000073cc0000 - 0x0000000073e0e000 	D:\Program Files\MATLAB\R2013a\bin\win64\libmwgui.dll
0x000000007a1d0000 - 0x000000007a1f4000 	D:\Program Files\MATLAB\R2013a\bin\win64\graphics_util.dll
0x000007feed000000 - 0x000007feed0b8000 	D:\Program Files\MATLAB\R2013a\bin\win64\libtex_base.dll
0x0000000005150000 - 0x0000000005a93000 	D:\Program Files\MATLAB\R2013a\bin\win64\hg.dll
0x0000000076100000 - 0x000000007615a000 	D:\Program Files\MATLAB\R2013a\bin\win64\libmat.dll
0x0000000072d30000 - 0x0000000072f38000 	D:\Program Files\MATLAB\R2013a\bin\win64\hdf5dll.dll
0x0000000075710000 - 0x00000000757d8000 	D:\Program Files\MATLAB\R2013a\bin\win64\jmi.dll
0x0000000005ab0000 - 0x0000000005abe000 	D:\Program Files\MATLAB\R2013a\bin\win64\nativejava_services.dll
0x0000000005ac0000 - 0x0000000005b00000 	D:\Program Files\MATLAB\R2013a\bin\win64\libmwhardcopy.dll
0x0000000075c70000 - 0x0000000075cce000 	D:\Program Files\MATLAB\R2013a\bin\win64\libuij.dll
0x0000000072f50000 - 0x000000007318f000 	D:\Program Files\MATLAB\R2013a\bin\win64\hgdatatypes.dll
0x0000000005b00000 - 0x0000000005beb000 	D:\Program Files\MATLAB\R2013a\bin\win64\hgutils.dll
0x0000000005bf0000 - 0x0000000005c9e000 	D:\Program Files\MATLAB\R2013a\bin\win64\udd_mi.dll
0x0000000005ca0000 - 0x0000000005cd6000 	D:\Program Files\MATLAB\R2013a\bin\win64\libmwgbtutils.dll
0x0000000005ce0000 - 0x0000000005cf4000 	D:\Program Files\MATLAB\R2013a\bin\win64\libmwgbt.dll
0x0000000005d00000 - 0x0000000005fce000 	D:\Program Files\MATLAB\R2013a\bin\win64\uiw.dll
0x0000000005fd0000 - 0x0000000005fd9000 	D:\Program Files\MATLAB\R2013a\bin\win64\uinone.dll
0x0000000005fe0000 - 0x0000000006006000 	D:\Program Files\MATLAB\R2013a\bin\win64\libmwnativefiledialogs.dll
0x0000000006010000 - 0x000000000601c000 	D:\Program Files\MATLAB\R2013a\bin\win64\libmwplatform_res.dll
0x000007fef93d0000 - 0x000007fef93e8000 	C:\Windows\system32\MPR.dll
0x0000000068500000 - 0x0000000068a5d000 	D:\Program Files\MATLAB\R2013a\bin\win64\mfc100.dll
0x000007fefa3d0000 - 0x000007fefa3d7000 	C:\Windows\system32\MSIMG32.dll
0x000007fef3fb0000 - 0x000007fef4021000 	C:\Windows\system32\WINSPOOL.DRV
0x0000000006020000 - 0x000000000603d000 	D:\Program Files\MATLAB\R2013a\bin\win64\mwoles05.DLL
0x0000000006040000 - 0x00000000060ac000 	D:\Program Files\MATLAB\R2013a\bin\win64\comcli.dll
0x000000006a9f0000 - 0x000000006aa1b000 	D:\Program Files\MATLAB\R2013a\bin\win64\ATL100.DLL
0x00000000060b0000 - 0x00000000060bc000 	D:\Program Files\MATLAB\R2013a\bin\win64\mlautoregister.dll
0x00000000060c0000 - 0x0000000006216000 	D:\Program Files\MATLAB\R2013a\bin\win64\mvm.dll
0x000007fefee80000 - 0x000007fefeeae000 	C:\Windows\system32\IMM32.DLL
0x000007fefe5a0000 - 0x000007fefe6a9000 	C:\Windows\system32\MSCTF.dll
0x000007fefb530000 - 0x000007fefb586000 	C:\Windows\system32\UxTheme.dll
0x000007fefb000000 - 0x000007fefb018000 	C:\Windows\system32\dwmapi.dll
0x0000000073620000 - 0x000000007362f000 	D:\Program Files\MATLAB\R2013a\bin\win64\MFC100RUS.DLL
0x00000000064c0000 - 0x000000000650e000 	D:\Program Files\MATLAB\R2013a\bin\win64\MVMLocal.dll
0x000007fefcdf0000 - 0x000007fefcdff000 	C:\Windows\system32\profapi.dll

VM Arguments:
jvm_args: -XX:PermSize=32m -Xms64m -XX:NewRatio=3 -XX:MaxPermSize=128m -Xmx196m -XX:MaxDirectMemorySize=2147400000 -Dsun.java2d.noddraw=true -Dsun.awt.nopixfmt=true -Xshare:off -Xrs -Dsun.awt.disableMixing=true -Djava.library.path=D:\Program Files\MATLAB\R2013a\bin\win64;D:\Program Files\MATLAB\R2013a\sys\jxbrowser\win64\lib vfprintf abort 
java_command: <unknown>
Launcher Type: generic

Environment Variables:
PATH=
[error occurred during error reporting (printing environment variables), id 0xc0000005]



---------------  S Y S T E M  ---------------

OS: Windows 7 Build 7601 Service Pack 1

CPU:total 4 (8 cores per cpu, 2 threads per core) family 6 model 42 stepping 7, cmov, cx8, fxsr, mmx, sse, sse2, sse3, ssse3, sse4.1, sse4.2, ht

Memory: 4k page, physical 4140896k(2040948k free), swap 8279940k(5503436k free)

vm_info: Java HotSpot(TM) 64-Bit Server VM (14.3-b01) for windows-amd64 JRE (1.6.0_17-b04), built on Oct 11 2009 00:46:08 by "java_re" with MS VC++ 8.0

time: Thu Jan 21 10:09:56 2016
elapsed time: 446 seconds

